Microsoft (R) Macro Assembler Version 14.15.26726.0	    02/17/19 19:18:41
Program 4		(Project4.asm			     Page 1 - 1


				TITLE Program 4		(Project4.asm)

				; Author: Bryce Hahn
				; Course/Project ID: CS 271 Project 4
				; Date: 2/09/2019
				; Description:
				;	This program asks users to enter the number of composite
				;		numbers they would like to see between 1 and 400. If
				;		they write a number that's out of bounds the program
				;		loops until they write a number in range. The program
				;		then displays a parting message.
				;		EC: 

				INCLUDE Irvine32.inc
			      C ; Include file for Irvine32.lib             (Irvine32.inc)
			      C 
			      C ;OPTION CASEMAP:NONE		; optional: make identifiers case-sensitive
			      C 
			      C INCLUDE SmallWin.inc		; MS-Windows prototypes, structures, and constants
			      C .NOLIST
			      C .LIST
			      C 
			      C INCLUDE VirtualKeys.inc
			      C ; VirtualKeys.inc
			      C .NOLIST
			      C .LIST
			      C 
			      C 
			      C .NOLIST
			      C .LIST
			      C 

				;-----------------------;
				;    Var Declaration    ;
				;-----------------------;
 00000000			.data

 00000000 2D 09 20 4E 75	project			BYTE	"-	 Number Composition   --   Bryce Hahn  -", 0
	   6D 62 65 72 20
	   43 6F 6D 70 6F
	   73 69 74 69 6F
	   6E 20 20 20 2D
	   2D 20 20 20 42
	   72 79 63 65 20
	   48 61 68 6E 20
	   20 2D 00
 0000002B 57 65 6C 63 6F	intro_1			BYTE	"Welcome to the Number Composition! I will take in an integer to represent how ", 0	; Intro 1 
	   6D 65 20 74 6F
	   20 74 68 65 20
	   4E 75 6D 62 65
	   72 20 43 6F 6D
	   70 6F 73 69 74
	   69 6F 6E 21 20
	   49 20 77 69 6C
	   6C 20 74 61 6B
	   65 20 69 6E 20
	   61 6E 20 69 6E
	   74 65 67 65 72
	   20 74 6F 20 72
	   65 70 72 65 73
	   65 6E 74 20 68
	   6F 77 20 00
 0000007A 6D 61 6E 79 20	intro_2			BYTE	"many composite numbers you want to print between 1 and 400. I verify integer ", 0	; Intro 2
	   63 6F 6D 70 6F
	   73 69 74 65 20
	   6E 75 6D 62 65
	   72 73 20 79 6F
	   75 20 77 61 6E
	   74 20 74 6F 20
	   70 72 69 6E 74
	   20 62 65 74 77
	   65 65 6E 20 31
	   20 61 6E 64 20
	   34 30 30 2E 20
	   49 20 76 65 72
	   69 66 79 20 69
	   6E 74 65 67 65
	   72 20 00
 000000C8 69 6E 70 75 74	intro_3			BYTE	"inputs. I will then print the demanded number of composite numbers to screen.", 0	; Intro 3
	   73 2E 20 49 20
	   77 69 6C 6C 20
	   74 68 65 6E 20
	   70 72 69 6E 74
	   20 74 68 65 20
	   64 65 6D 61 6E
	   64 65 64 20 6E
	   75 6D 62 65 72
	   20 6F 66 20 63
	   6F 6D 70 6F 73
	   69 74 65 20 6E
	   75 6D 62 65 72
	   73 20 74 6F 20
	   73 63 72 65 65
	   6E 2E 00
 00000116 45 43 3A 20 49	EC_intro_1		BYTE	"EC: I align the composites in columns", 0											; EC
	   20 61 6C 69 67
	   6E 20 74 68 65
	   20 63 6F 6D 70
	   6F 73 69 74 65
	   73 20 69 6E 20
	   63 6F 6C 75 6D
	   6E 73 00
 0000013C 45 43 3A 20 49	EC_intro_2		BYTE	"EC: I continue printing pages after the inputted number has been printed", 0		; EC
	   20 63 6F 6E 74
	   69 6E 75 65 20
	   70 72 69 6E 74
	   69 6E 67 20 70
	   61 67 65 73 20
	   61 66 74 65 72
	   20 74 68 65 20
	   69 6E 70 75 74
	   74 65 64 20 6E
	   75 6D 62 65 72
	   20 68 61 73 20
	   62 65 65 6E 20
	   70 72 69 6E 74
	   65 64 00
 00000185 50 6C 65 61 73	prompt_1		BYTE	"Please input your name: ", 0														; Prompt for users name firstly
	   65 20 69 6E 70
	   75 74 20 79 6F
	   75 72 20 6E 61
	   6D 65 3A 20 00
 0000019E 57 65 6C 63 6F	prompt_2		BYTE	"Welcome, ", 0																		; Greet the user
	   6D 65 2C 20 00
 000001A8 50 6C 65 61 73	prompt_3		BYTE	"Please enter how many composite numbers I should print: ", 0						; Prompt for a negative number
	   65 20 65 6E 74
	   65 72 20 68 6F
	   77 20 6D 61 6E
	   79 20 63 6F 6D
	   70 6F 73 69 74
	   65 20 6E 75 6D
	   62 65 72 73 20
	   49 20 73 68 6F
	   75 6C 64 20 70
	   72 69 6E 74 3A
	   20 00
 000001E1 54 68 65 20 65	failed_input_1	BYTE	"The entered number was above the allowed range!", 0								; Warn the user that they can't input such a RIDICULOUSLY high number
	   6E 74 65 72 65
	   64 20 6E 75 6D
	   62 65 72 20 77
	   61 73 20 61 62
	   6F 76 65 20 74
	   68 65 20 61 6C
	   6C 6F 77 65 64
	   20 72 61 6E 67
	   65 21 00
 00000211 54 68 65 20 65	failed_input_2	BYTE	"The entered number was bellow the allowed range!", 0								; Warn the user that they can't input such a CRAZY low number
	   6E 74 65 72 65
	   64 20 6E 75 6D
	   62 65 72 20 77
	   61 73 20 62 65
	   6C 6C 6F 77 20
	   74 68 65 20 61
	   6C 6C 6F 77 65
	   64 20 72 61 6E
	   67 65 21 00
 00000242 2D 2D 2D 20 20	outro_1			BYTE	"---  Outputting your composite numbers  ---", 0									; Start the calc section with letting the user know it's printing
	   4F 75 74 70 75
	   74 74 69 6E 67
	   20 79 6F 75 72
	   20 63 6F 6D 70
	   6F 73 69 74 65
	   20 6E 75 6D 62
	   65 72 73 20 20
	   2D 2D 2D 00
 0000026E 2D 2D 2D 20 20	outro_2			BYTE	"---  Press 1 to print more numbers, or anything else to finish  ---", 0			; EX -- tell the user to continue printing
	   50 72 65 73 73
	   20 31 20 74 6F
	   20 70 72 69 6E
	   74 20 6D 6F 72
	   65 20 6E 75 6D
	   62 65 72 73 2C
	   20 6F 72 20 61
	   6E 79 74 68 69
	   6E 67 20 65 6C
	   73 65 20 74 6F
	   20 66 69 6E 69
	   73 68 20 20 2D
	   2D 2D 00
 000002B2 54 68 61 6E 6B	finished		BYTE	"Thank you for using my program! Goodbye, ", 0										; Thank the user and say goodbye by name input
	   20 79 6F 75 20
	   66 6F 72 20 75
	   73 69 6E 67 20
	   6D 79 20 70 72
	   6F 67 72 61 6D
	   21 20 47 6F 6F
	   64 62 79 65 2C
	   20 00
 000002DC 20 00			space			BYTE	" ", 0

 = 00000190			MAXNUM			=		400																					; The maximum range of negative numbers
 = 00000001			MINNUM			=		1																					; The minimum range we want to calculate
 000002DE  00000015 [		userinput		BYTE	21 DUP(0)																			; Byte array for the username input
	    00
	   ]

 000002F3 00000000		byteCount		DWORD	?																					; used for holding information about user inputting a string
 000002F7 00000000		keep_going		DWORD	?																					; User inputed responce to run again
 000002FB 00000000		printCount		DWORD	?																					; user inputed number of composites to print
 000002FF 00000004		compos_current	DWORD	4																					; the current composite number
 00000303 00000000		compos_bool		DWORD	0																					; a boolean operator to keep track through the methods
 00000307 00000000		compos_count	DWORD	?																					; number of calculated composites
 0000030B 00000000		linecount		DWORD	0																					; keep track of how many numbers are on a line

				;------------------------;
				;    Code Declaration    ;
				; This section is where	 ;
				; the bulk of the program;
				; is going to be writen  ;
				;------------------------;
 00000000			.code
				;---------------------------------------------------------------;
				;	main PROC will be called once the program is run, this		;
				;	is where we can call other processes so that we aren't		;
				;	crowded into the main function like this (GROSS), so we		;
				;	will implement this into further projects.					;
				;---------------------------------------------------------------;
 00000000			main	PROC
 00000000  E8 00000016				call	intro
 00000005  E8 0000009E				call	inputs
 0000000A  E8 000000E2				call	getComposites
 0000000F  E8 000001F8				call	restart
					exit										; close program, return to OS
 00000014  6A 00	   *	    push   +000000000h
 00000016  E8 00000000 E   *	    call   ExitProcess
 0000001B			main	ENDP									; the main PROC is finished, this symbolyses that we are done with the proc

				;---------------------------------------------------------------;
				;	The intro procedure will be called right off the bat, sort	;
				;	of like before using procedures. This will allow to keep	;
				;	the main function clean and organized, making debugging		;
				;	easier! This function litterally just calls all intro		;
				;	scripts.													;
				;---------------------------------------------------------------;
 0000001B			intro	PROC
 0000001B  B8 00000017			mov		eax, lightGray + (blue * 16)		; color varaibles consist of: black, white, brown, yellow, blue, green, cyan, red, magenta, gray, lightBlue, lightGreen, lightCyan, lightRed, lightMagenta, and lightGray.
 00000020  E8 00000000 E		call	setTextColor						; EXTRA CREDIT: change background and foreground colors
 00000025  BA 0000002B R		mov		edx, OFFSET intro_1					; print the program introduction (Called only once when the program starts since the user doesn't need to see this after they restart)
 0000002A  E8 00000000 E		call	WriteString
 0000002F  E8 00000000 E		call	CrLf								; new line
 00000034  BA 0000007A R		mov		edx, OFFSET intro_2					; print the program introduction pt.2
 00000039  E8 00000000 E		call	WriteString
 0000003E  E8 00000000 E		call	CrLf								; new line
 00000043  BA 000000C8 R		mov		edx, OFFSET intro_3					; print the program introduction pt.3
 00000048  E8 00000000 E		call	WriteString	
 0000004D  E8 00000000 E		call	CrLf								; new line
 00000052  BA 00000116 R		mov		edx, OFFSET EC_intro_1
 00000057  E8 00000000 E		call	WriteString
 0000005C  E8 00000000 E		call	CrLf
 00000061  BA 0000013C R		mov		edx, OFFSET EC_intro_2
 00000066  E8 00000000 E		call	WriteString
 0000006B  E8 00000000 E		call	CrLf

 00000070  BA 00000185 R		mov		edx, OFFSET prompt_1				; prompt the user for their name
 00000075  E8 00000000 E		call	WriteString
 0000007A  BA 000002DE R		mov		edx, OFFSET userinput
 0000007F  B9 00000015			mov		ecx, SIZEOF	userinput
 00000084  E8 00000000 E		call	ReadString
 00000089  A3 000002F3 R		mov		byteCount, eax
 0000008E  BA 0000019E R		mov		edx, OFFSET prompt_2
 00000093  E8 00000000 E		call	WriteString
 00000098  BA 000002DE R		mov		edx, OFFSET userinput
 0000009D  E8 00000000 E		call	WriteString
 000000A2  E8 00000000 E		call	CrLf

 000000A7  C3				ret
 000000A8			intro	ENDP

				;---------------------------------------------------------------;
				;	The Lower/Higher Inputs labels will be jumped to when the 	;
				;	user inputs a faulty negative integer, because it was above ;
				;	the first given integer. This will warn the user to input 	;
				;	a proper lower int, then ask for a new int, and check if	;
				;	the new int is above num1. If successful, will jump the		;
				;	user to the calculations label.								;
				;---------------------------------------------------------------;
 000000A8			inputs	PROC
 000000A8				StartInp:	
 000000A8  BA 000001A8 R			mov		edx, OFFSET prompt_3			; ask for number of composite numbers
 000000AD  E8 00000000 E			call	WriteString
 000000B2  B8 00000000				mov		eax, 0
 000000B7  E8 00000000 E			call	ReadInt
 000000BC  A3 000002FB R			mov		printCount, eax
 000000C1  3D 00000190				cmp		eax, MAXNUM
 000000C6  7F 17				jg		HigherInput
 000000C8  83 F8 01				cmp		eax, MINNUM
 000000CB  7C 01				jl		LowerInput
 000000CD  C3					ret										; if the input is good, continue to next procedure

 000000CE				LowerInput:									; if the input is bellow range, ask for another
 000000CE  BA 00000211 R			mov		edx, OFFSET failed_input_2
 000000D3  E8 00000000 E			call	WriteString
 000000D8  E8 00000000 E			call	CrLf
 000000DD  EB C9				jmp		StartInp

 000000DF				HigherInput:								; if the input is above range, ask for another one
 000000DF  BA 000001E1 R			mov		edx, OFFSET failed_input_1
 000000E4  E8 00000000 E			call	WriteString
 000000E9  E8 00000000 E			call	CrLf
 000000EE  EB B8				jmp		StartInp
 000000F0  C3				ret
 000000F1			inputs	ENDP

				;---------------------------------------------------------------;
				;	The getComposites procedure will be the bulk of the process ;
				;	that prints out the composite number found through the		;
				;	isComposite method.											;
				;---------------------------------------------------------------;
 000000F1			getComposites	PROC
 000000F1  BA 00000242 R		mov		edx, OFFSET outro_1
 000000F6  E8 00000000 E		call	WriteString
 000000FB  E8 00000000 E		call	CrLf
 00000100  E8 00000000 E		call	CrLf
 00000105  C7 05 000002FF R		mov		compos_current, 4					; start the composite at the lowest possible value of 4
	   00000004
 0000010F  8B 0D 000002FB R		mov		ecx, printCount						; we will loop through the calculations this many times


 00000115				CompositeLoop:
 00000115  A1 000002FF R			mov		eax, compos_current
 0000011A  BB 00000002				mov		ebx, 2							; start the divisor with the lowest possible composite divisor

 0000011F  E8 000000BF				call	isComposite						; call will find the next composite number in order

 00000124  A1 000002FF R			mov		eax, compos_current				; this is the next composite number to print
 00000129  E8 00000000 E			call	WriteDec
 0000012E  FF 05 00000307 R			inc		compos_count					; increase the number of composites printed

 00000134  FF 05 0000030B R			inc		linecount						; keep track of how many composites per line are printed
 0000013A  83 3D 0000030B R			cmp		linecount, 10					; check if we're now at 10 on a line
	   0A
 00000141  74 02				je		Lining

 00000143  75 11				jne		Spacer

 00000145					Lining:
 00000145  E8 00000000 E				call	CrLf
 0000014A  C7 05 0000030B R				mov		linecount, 0
	   00000000
 00000154  EB 05					jmp		EndOfLoop

 00000156					Spacer:
 00000156  E8 00000027					call	propSpacing

 0000015B					EndOfLoop:
 0000015B  FF 05 000002FF R				inc		compos_current
 00000161  E2 B2					loop	CompositeLoop

 00000163  BA 0000026E R			mov		edx, OFFSET outro_2
 00000168  E8 00000000 E			call	WriteString
 0000016D  B8 00000000				mov		eax, 0
 00000172  B9 00000064				mov		ecx, 100
 00000177  E8 00000000 E			call	ReadInt
 0000017C  83 F8 01				cmp		eax, 1
 0000017F  74 94				je		CompositeLoop
						
 00000181  C3				ret
 00000182			getComposites ENDP

				;---------------------------------------------------------------;
				;	The propSpacing procedure will be called when spacing out	;
				;	the composites to align them properly. This is so we can	;
				;	do so without running out of room in the getComposite proc.	;
				;---------------------------------------------------------------;
 00000182			propSpacing PROC
 00000182  A1 000002FF R		mov		eax, compos_current
 00000187  83 F8 0A			cmp		eax, 10
 0000018A  7C 1C			jl		singleDigit
 0000018C  83 F8 64			cmp		eax, 100
 0000018F  7C 1E			jl		doubleDigit
 00000191  3D 000003E8			cmp		eax, 1000
 00000196  7C 1E			jl		tripleDigit
 00000198  3D 00002710			cmp		eax, 10000
 0000019D  7C 1E			jl		quadDigit
 0000019F  3D 000186A0			cmp		eax, 100000
 000001A4  7C 1E			jl		quintupleDigit
 000001A6  7D 23			jge		septupleDigit

 000001A8				singleDigit:
 000001A8  BB 00000009				mov		ebx, 9
 000001AD  EB 23				jmp		printLoop
 000001AF				doubleDigit:
 000001AF  BB 00000008				mov		ebx, 8
 000001B4  EB 1C				jmp		printLoop
 000001B6				tripleDigit:
 000001B6  BB 00000007				mov		ebx, 7
 000001BB  EB 15				jmp		printLoop
 000001BD				quadDigit:
 000001BD  BB 00000006				mov		ebx, 6
 000001C2  EB 0E				jmp		printLoop
 000001C4				quintupleDigit:
 000001C4  BB 00000005				mov		ebx, 5
 000001C9  EB 07				jmp		printLoop
 000001CB				septupleDigit:
 000001CB  BB 00000004				mov		ebx, 4
 000001D0  EB 00				jmp		printLoop

 000001D2				printLoop:
 000001D2  BA 000002DC R			mov		edx, OFFSET space
 000001D7  E8 00000000 E			call	WriteString
 000001DC  4B					dec		ebx
 000001DD  83 FB 00				cmp		ebx, 0
 000001E0  7F F0				jg		printLoop

 000001E2  C3					ret
 000001E3			propSpacing	ENDP

				;---------------------------------------------------------------;
				;	The isComposite procedure will be called during the			;
				;	getComposite procedure as a means to keep the looping to	;
				;	labels acessible. Keeping the other procedure relatively	;
				;	clean and organized. We do the bulk of the calculations here;
				;---------------------------------------------------------------;
 000001E3			isComposite	PROC
 000001E3				CheckComposite:
 000001E3  3B D8				cmp		ebx, eax							; check to see if the loop has reached a divisor for itself
 000001E5  74 13				je		NextComposite

 000001E7  99					cdq											; prep for division
 000001E8  F7 F3				div		ebx									; divide by divisor (can be from 2 to n, being the current compos check)
 000001EA  83 FA 00				cmp		edx, 0								; check if the remainder is 0
 000001ED  74 02				je		ReturnComposite
 000001EF  75 01				jne		LoopNotComposite

 000001F1					ReturnComposite:							; we found the next composite number
 000001F1  C3						ret

 000001F2					LoopNotComposite:							; Current divisor is not finding a composite, increase
 000001F2  A1 000002FF R				mov		eax, compos_current				; reset eax to current
 000001F7  43						inc		ebx								; increase the divisor to check for next compos
 000001F8  EB E9					jmp		CheckComposite

 000001FA					NextComposite:								; we hit the dividing by itself limit, so on to the next number
 000001FA  FF 05 000002FF R				inc		compos_current					; next number
 00000200  A1 000002FF R				mov		eax, compos_current				; set eax to next number
 00000205  BB 00000002					mov		ebx, 2							; reset divisor to 2 (minimum)
 0000020A  EB D7					jmp		CheckComposite
 0000020C			isComposite	ENDP

				;---------------------------------------------------------------;
				;	The restart procedure will test to see if the user is		;
				;	wanting to run the process one more time, which is 1		;
				;	is inputed, will jump the user back into the				;
				;	introduction where the user will be asked to input more		;
				;	integers. If anything else is answered, the program will	;
				;	exit to the OS.												;
				;---------------------------------------------------------------;
 0000020C			restart		PROC
 0000020C  BA 000002B2 R		mov		edx, OFFSET finished				; program is done message
 00000211  E8 00000000 E		call	CrLf								; add an extra new line for good looks
 00000216  E8 00000000 E		call	WriteString
 0000021B  BA 000002DE R		mov		edx, OFFSET userinput
 00000220  E8 00000000 E		call	WriteString
 00000225  E8 00000000 E		call	CrLf

 0000022A  C3				ret
 0000022B			restart		ENDP

				END main										; the symbolyses that the main program is finished
Microsoft (R) Macro Assembler Version 14.15.26726.0	    02/17/19 19:18:41
Program 4		(Project4.asm			     Symbols 2 - 1




Structures and Unions:

                N a m e                  Size
                                         Offset      Type

CONSOLE_CURSOR_INFO  . . . . . .	 00000008
  dwSize . . . . . . . . . . . .	 00000000	 DWord
  bVisible . . . . . . . . . . .	 00000004	 DWord
CONSOLE_SCREEN_BUFFER_INFO . . .	 00000016
  dwSize . . . . . . . . . . . .	 00000000	 DWord
  dwCursorPosition . . . . . . .	 00000004	 DWord
  wAttributes  . . . . . . . . .	 00000008	 Word
  srWindow . . . . . . . . . . .	 0000000A	 QWord
  dwMaximumWindowSize  . . . . .	 00000012	 DWord
COORD  . . . . . . . . . . . . .	 00000004
  X  . . . . . . . . . . . . . .	 00000000	 Word
  Y  . . . . . . . . . . . . . .	 00000002	 Word
FILETIME . . . . . . . . . . . .	 00000008
  loDateTime . . . . . . . . . .	 00000000	 DWord
  hiDateTime . . . . . . . . . .	 00000004	 DWord
FOCUS_EVENT_RECORD . . . . . . .	 00000004
  bSetFocus  . . . . . . . . . .	 00000000	 DWord
FPU_ENVIRON  . . . . . . . . . .	 0000001C
  controlWord  . . . . . . . . .	 00000000	 Word
  statusWord . . . . . . . . . .	 00000004	 Word
  tagWord  . . . . . . . . . . .	 00000008	 Word
  instrPointerOffset . . . . . .	 0000000C	 DWord
  instrPointerSelector . . . . .	 00000010	 DWord
  operandPointerOffset . . . . .	 00000014	 DWord
  operandPointerSelector . . . .	 00000018	 Word
INPUT_RECORD . . . . . . . . . .	 00000014
  EventType  . . . . . . . . . .	 00000000	 Word
  Event  . . . . . . . . . . . .	 00000004	 XmmWord
  bKeyDown . . . . . . . . . . .	 00000000	 DWord
  wRepeatCount . . . . . . . . .	 00000004	 Word
  wVirtualKeyCode  . . . . . . .	 00000006	 Word
  wVirtualScanCode . . . . . . .	 00000008	 Word
  uChar  . . . . . . . . . . . .	 0000000A	 Word
  UnicodeChar  . . . . . . . . .	 00000000	 Word
  AsciiChar  . . . . . . . . . .	 00000000	 Byte
  dwControlKeyState  . . . . . .	 0000000C	 DWord
  dwMousePosition  . . . . . . .	 00000000	 DWord
  dwButtonState  . . . . . . . .	 00000004	 DWord
  dwMouseControlKeyState . . . .	 00000008	 DWord
  dwEventFlags . . . . . . . . .	 0000000C	 DWord
  dwSize . . . . . . . . . . . .	 00000000	 DWord
  dwCommandId  . . . . . . . . .	 00000000	 DWord
  bSetFocus  . . . . . . . . . .	 00000000	 DWord
KEY_EVENT_RECORD . . . . . . . .	 00000010
  bKeyDown . . . . . . . . . . .	 00000000	 DWord
  wRepeatCount . . . . . . . . .	 00000004	 Word
  wVirtualKeyCode  . . . . . . .	 00000006	 Word
  wVirtualScanCode . . . . . . .	 00000008	 Word
  uChar  . . . . . . . . . . . .	 0000000A	 Word
  UnicodeChar  . . . . . . . . .	 00000000	 Word
  AsciiChar  . . . . . . . . . .	 00000000	 Byte
  dwControlKeyState  . . . . . .	 0000000C	 DWord
MENU_EVENT_RECORD  . . . . . . .	 00000004
  dwCommandId  . . . . . . . . .	 00000000	 DWord
MOUSE_EVENT_RECORD . . . . . . .	 00000010
  dwMousePosition  . . . . . . .	 00000000	 DWord
  dwButtonState  . . . . . . . .	 00000004	 DWord
  dwMouseControlKeyState . . . .	 00000008	 DWord
  dwEventFlags . . . . . . . . .	 0000000C	 DWord
SMALL_RECT . . . . . . . . . . .	 00000008
  Left . . . . . . . . . . . . .	 00000000	 Word
  Top  . . . . . . . . . . . . .	 00000002	 Word
  Right  . . . . . . . . . . . .	 00000004	 Word
  Bottom . . . . . . . . . . . .	 00000006	 Word
SYSTEMTIME . . . . . . . . . . .	 00000010
  wYear  . . . . . . . . . . . .	 00000000	 Word
  wMonth . . . . . . . . . . . .	 00000002	 Word
  wDayOfWeek . . . . . . . . . .	 00000004	 Word
  wDay . . . . . . . . . . . . .	 00000006	 Word
  wHour  . . . . . . . . . . . .	 00000008	 Word
  wMinute  . . . . . . . . . . .	 0000000A	 Word
  wSecond  . . . . . . . . . . .	 0000000C	 Word
  wMilliseconds  . . . . . . . .	 0000000E	 Word
WINDOW_BUFFER_SIZE_RECORD  . . .	 00000004
  dwSize . . . . . . . . . . . .	 00000000	 DWord


Segments and Groups:

                N a m e                 Size     Length   Align   Combine Class

FLAT . . . . . . . . . . . . . .	GROUP
STACK  . . . . . . . . . . . . .	32 Bit	 00001000 Para	  Stack	  'STACK'	 
_DATA  . . . . . . . . . . . . .	32 Bit	 0000030F Para	  Public  'DATA'	
_TEXT  . . . . . . . . . . . . .	32 Bit	 0000022B Para	  Public  'CODE'	


Procedures, parameters, and locals:

                N a m e                 Type     Value    Attr

CloseFile  . . . . . . . . . . .	P Near	 00000000 FLAT	Length= 00000000 External STDCALL
CloseHandle  . . . . . . . . . .	P Near	 00000000 FLAT	Length= 00000000 External STDCALL
Clrscr . . . . . . . . . . . . .	P Near	 00000000 FLAT	Length= 00000000 External STDCALL
CreateFileA  . . . . . . . . . .	P Near	 00000000 FLAT	Length= 00000000 External STDCALL
CreateOutputFile . . . . . . . .	P Near	 00000000 FLAT	Length= 00000000 External STDCALL
Crlf . . . . . . . . . . . . . .	P Near	 00000000 FLAT	Length= 00000000 External STDCALL
Delay  . . . . . . . . . . . . .	P Near	 00000000 FLAT	Length= 00000000 External STDCALL
DumpMem  . . . . . . . . . . . .	P Near	 00000000 FLAT	Length= 00000000 External STDCALL
DumpRegs . . . . . . . . . . . .	P Near	 00000000 FLAT	Length= 00000000 External STDCALL
ExitProcess  . . . . . . . . . .	P Near	 00000000 FLAT	Length= 00000000 External STDCALL
FileTimeToDosDateTime  . . . . .	P Near	 00000000 FLAT	Length= 00000000 External STDCALL
FileTimeToSystemTime . . . . . .	P Near	 00000000 FLAT	Length= 00000000 External STDCALL
FlushConsoleInputBuffer  . . . .	P Near	 00000000 FLAT	Length= 00000000 External STDCALL
FormatMessageA . . . . . . . . .	P Near	 00000000 FLAT	Length= 00000000 External STDCALL
GetCommandLineA  . . . . . . . .	P Near	 00000000 FLAT	Length= 00000000 External STDCALL
GetCommandTail . . . . . . . . .	P Near	 00000000 FLAT	Length= 00000000 External STDCALL
GetConsoleCP . . . . . . . . . .	P Near	 00000000 FLAT	Length= 00000000 External STDCALL
GetConsoleCursorInfo . . . . . .	P Near	 00000000 FLAT	Length= 00000000 External STDCALL
GetConsoleMode . . . . . . . . .	P Near	 00000000 FLAT	Length= 00000000 External STDCALL
GetConsoleScreenBufferInfo . . .	P Near	 00000000 FLAT	Length= 00000000 External STDCALL
GetDateTime  . . . . . . . . . .	P Near	 00000000 FLAT	Length= 00000000 External STDCALL
GetFileTime  . . . . . . . . . .	P Near	 00000000 FLAT	Length= 00000000 External STDCALL
GetKeyState  . . . . . . . . . .	P Near	 00000000 FLAT	Length= 00000000 External STDCALL
GetLastError . . . . . . . . . .	P Near	 00000000 FLAT	Length= 00000000 External STDCALL
GetLocalTime . . . . . . . . . .	P Near	 00000000 FLAT	Length= 00000000 External STDCALL
GetMaxXY . . . . . . . . . . . .	P Near	 00000000 FLAT	Length= 00000000 External STDCALL
GetMseconds  . . . . . . . . . .	P Near	 00000000 FLAT	Length= 00000000 External STDCALL
GetNumberOfConsoleInputEvents  .	P Near	 00000000 FLAT	Length= 00000000 External STDCALL
GetProcessHeap . . . . . . . . .	P Near	 00000000 FLAT	Length= 00000000 External STDCALL
GetStdHandle . . . . . . . . . .	P Near	 00000000 FLAT	Length= 00000000 External STDCALL
GetSystemTime  . . . . . . . . .	P Near	 00000000 FLAT	Length= 00000000 External STDCALL
GetTextColor . . . . . . . . . .	P Near	 00000000 FLAT	Length= 00000000 External STDCALL
GetTickCount . . . . . . . . . .	P Near	 00000000 FLAT	Length= 00000000 External STDCALL
Gotoxy . . . . . . . . . . . . .	P Near	 00000000 FLAT	Length= 00000000 External STDCALL
HeapAlloc  . . . . . . . . . . .	P Near	 00000000 FLAT	Length= 00000000 External STDCALL
HeapCreate . . . . . . . . . . .	P Near	 00000000 FLAT	Length= 00000000 External STDCALL
HeapDestroy  . . . . . . . . . .	P Near	 00000000 FLAT	Length= 00000000 External STDCALL
HeapFree . . . . . . . . . . . .	P Near	 00000000 FLAT	Length= 00000000 External STDCALL
HeapSize . . . . . . . . . . . .	P Near	 00000000 FLAT	Length= 00000000 External STDCALL
IsDigit  . . . . . . . . . . . .	P Near	 00000000 FLAT	Length= 00000000 External STDCALL
LocalFree  . . . . . . . . . . .	P Near	 00000000 FLAT	Length= 00000000 External STDCALL
MessageBoxA  . . . . . . . . . .	P Near	 00000000 FLAT	Length= 00000000 External STDCALL
MsgBoxAsk  . . . . . . . . . . .	P Near	 00000000 FLAT	Length= 00000000 External STDCALL
MsgBox . . . . . . . . . . . . .	P Near	 00000000 FLAT	Length= 00000000 External STDCALL
OpenInputFile  . . . . . . . . .	P Near	 00000000 FLAT	Length= 00000000 External STDCALL
ParseDecimal32 . . . . . . . . .	P Near	 00000000 FLAT	Length= 00000000 External STDCALL
ParseInteger32 . . . . . . . . .	P Near	 00000000 FLAT	Length= 00000000 External STDCALL
PeekConsoleInputA  . . . . . . .	P Near	 00000000 FLAT	Length= 00000000 External STDCALL
Random32 . . . . . . . . . . . .	P Near	 00000000 FLAT	Length= 00000000 External STDCALL
RandomRange  . . . . . . . . . .	P Near	 00000000 FLAT	Length= 00000000 External STDCALL
Randomize  . . . . . . . . . . .	P Near	 00000000 FLAT	Length= 00000000 External STDCALL
ReadChar . . . . . . . . . . . .	P Near	 00000000 FLAT	Length= 00000000 External STDCALL
ReadConsoleA . . . . . . . . . .	P Near	 00000000 FLAT	Length= 00000000 External STDCALL
ReadConsoleInputA  . . . . . . .	P Near	 00000000 FLAT	Length= 00000000 External STDCALL
ReadDec  . . . . . . . . . . . .	P Near	 00000000 FLAT	Length= 00000000 External STDCALL
ReadFile . . . . . . . . . . . .	P Near	 00000000 FLAT	Length= 00000000 External STDCALL
ReadFloat  . . . . . . . . . . .	P Near	 00000000 FLAT	Length= 00000000 External STDCALL
ReadFromFile . . . . . . . . . .	P Near	 00000000 FLAT	Length= 00000000 External STDCALL
ReadHex  . . . . . . . . . . . .	P Near	 00000000 FLAT	Length= 00000000 External STDCALL
ReadInt  . . . . . . . . . . . .	P Near	 00000000 FLAT	Length= 00000000 External STDCALL
ReadKeyFlush . . . . . . . . . .	P Near	 00000000 FLAT	Length= 00000000 External STDCALL
ReadKey  . . . . . . . . . . . .	P Near	 00000000 FLAT	Length= 00000000 External STDCALL
ReadString . . . . . . . . . . .	P Near	 00000000 FLAT	Length= 00000000 External STDCALL
SetConsoleCursorInfo . . . . . .	P Near	 00000000 FLAT	Length= 00000000 External STDCALL
SetConsoleCursorPosition . . . .	P Near	 00000000 FLAT	Length= 00000000 External STDCALL
SetConsoleMode . . . . . . . . .	P Near	 00000000 FLAT	Length= 00000000 External STDCALL
SetConsoleScreenBufferSize . . .	P Near	 00000000 FLAT	Length= 00000000 External STDCALL
SetConsoleTextAttribute  . . . .	P Near	 00000000 FLAT	Length= 00000000 External STDCALL
SetConsoleTitleA . . . . . . . .	P Near	 00000000 FLAT	Length= 00000000 External STDCALL
SetConsoleWindowInfo . . . . . .	P Near	 00000000 FLAT	Length= 00000000 External STDCALL
SetFilePointer . . . . . . . . .	P Near	 00000000 FLAT	Length= 00000000 External STDCALL
SetLocalTime . . . . . . . . . .	P Near	 00000000 FLAT	Length= 00000000 External STDCALL
SetTextColor . . . . . . . . . .	P Near	 00000000 FLAT	Length= 00000000 External STDCALL
ShowFPUStack . . . . . . . . . .	P Near	 00000000 FLAT	Length= 00000000 External STDCALL
Sleep  . . . . . . . . . . . . .	P Near	 00000000 FLAT	Length= 00000000 External STDCALL
StrLength  . . . . . . . . . . .	P Near	 00000000 FLAT	Length= 00000000 External STDCALL
Str_compare  . . . . . . . . . .	P Near	 00000000 FLAT	Length= 00000000 External STDCALL
Str_copy . . . . . . . . . . . .	P Near	 00000000 FLAT	Length= 00000000 External STDCALL
Str_length . . . . . . . . . . .	P Near	 00000000 FLAT	Length= 00000000 External STDCALL
Str_trim . . . . . . . . . . . .	P Near	 00000000 FLAT	Length= 00000000 External STDCALL
Str_ucase  . . . . . . . . . . .	P Near	 00000000 FLAT	Length= 00000000 External STDCALL
SystemTimeToFileTime . . . . . .	P Near	 00000000 FLAT	Length= 00000000 External STDCALL
WaitMsg  . . . . . . . . . . . .	P Near	 00000000 FLAT	Length= 00000000 External STDCALL
WriteBinB  . . . . . . . . . . .	P Near	 00000000 FLAT	Length= 00000000 External STDCALL
WriteBin . . . . . . . . . . . .	P Near	 00000000 FLAT	Length= 00000000 External STDCALL
WriteChar  . . . . . . . . . . .	P Near	 00000000 FLAT	Length= 00000000 External STDCALL
WriteConsoleA  . . . . . . . . .	P Near	 00000000 FLAT	Length= 00000000 External STDCALL
WriteConsoleOutputAttribute  . .	P Near	 00000000 FLAT	Length= 00000000 External STDCALL
WriteConsoleOutputCharacterA . .	P Near	 00000000 FLAT	Length= 00000000 External STDCALL
WriteDec . . . . . . . . . . . .	P Near	 00000000 FLAT	Length= 00000000 External STDCALL
WriteFile  . . . . . . . . . . .	P Near	 00000000 FLAT	Length= 00000000 External STDCALL
WriteFloat . . . . . . . . . . .	P Near	 00000000 FLAT	Length= 00000000 External STDCALL
WriteHexB  . . . . . . . . . . .	P Near	 00000000 FLAT	Length= 00000000 External STDCALL
WriteHex . . . . . . . . . . . .	P Near	 00000000 FLAT	Length= 00000000 External STDCALL
WriteInt . . . . . . . . . . . .	P Near	 00000000 FLAT	Length= 00000000 External STDCALL
WriteStackFrameName  . . . . . .	P Near	 00000000 FLAT	Length= 00000000 External STDCALL
WriteStackFrame  . . . . . . . .	P Near	 00000000 FLAT	Length= 00000000 External STDCALL
WriteString  . . . . . . . . . .	P Near	 00000000 FLAT	Length= 00000000 External STDCALL
WriteToFile  . . . . . . . . . .	P Near	 00000000 FLAT	Length= 00000000 External STDCALL
WriteWindowsMsg  . . . . . . . .	P Near	 00000000 FLAT	Length= 00000000 External STDCALL
getComposites  . . . . . . . . .	P Near	 000000F1 _TEXT	Length= 00000091 Public STDCALL
  CompositeLoop  . . . . . . . .	L Near	 00000115 _TEXT	
  Lining . . . . . . . . . . . .	L Near	 00000145 _TEXT	
  Spacer . . . . . . . . . . . .	L Near	 00000156 _TEXT	
  EndOfLoop  . . . . . . . . . .	L Near	 0000015B _TEXT	
inputs . . . . . . . . . . . . .	P Near	 000000A8 _TEXT	Length= 00000049 Public STDCALL
  StartInp . . . . . . . . . . .	L Near	 000000A8 _TEXT	
  LowerInput . . . . . . . . . .	L Near	 000000CE _TEXT	
  HigherInput  . . . . . . . . .	L Near	 000000DF _TEXT	
intro  . . . . . . . . . . . . .	P Near	 0000001B _TEXT	Length= 0000008D Public STDCALL
isComposite  . . . . . . . . . .	P Near	 000001E3 _TEXT	Length= 00000029 Public STDCALL
  CheckComposite . . . . . . . .	L Near	 000001E3 _TEXT	
  ReturnComposite  . . . . . . .	L Near	 000001F1 _TEXT	
  LoopNotComposite . . . . . . .	L Near	 000001F2 _TEXT	
  NextComposite  . . . . . . . .	L Near	 000001FA _TEXT	
main . . . . . . . . . . . . . .	P Near	 00000000 _TEXT	Length= 0000001B Public STDCALL
printf . . . . . . . . . . . . .	P Near	 00000000 FLAT	Length= 00000000 External C
propSpacing  . . . . . . . . . .	P Near	 00000182 _TEXT	Length= 00000061 Public STDCALL
  singleDigit  . . . . . . . . .	L Near	 000001A8 _TEXT	
  doubleDigit  . . . . . . . . .	L Near	 000001AF _TEXT	
  tripleDigit  . . . . . . . . .	L Near	 000001B6 _TEXT	
  quadDigit  . . . . . . . . . .	L Near	 000001BD _TEXT	
  quintupleDigit . . . . . . . .	L Near	 000001C4 _TEXT	
  septupleDigit  . . . . . . . .	L Near	 000001CB _TEXT	
  printLoop  . . . . . . . . . .	L Near	 000001D2 _TEXT	
restart  . . . . . . . . . . . .	P Near	 0000020C _TEXT	Length= 0000001F Public STDCALL
scanf  . . . . . . . . . . . . .	P Near	 00000000 FLAT	Length= 00000000 External C
wsprintfA  . . . . . . . . . . .	P Near	 00000000 FLAT	Length= 00000000 External C


Symbols:

                N a m e                 Type     Value    Attr

@CodeSize  . . . . . . . . . . .	Number	 00000000h   
@DataSize  . . . . . . . . . . .	Number	 00000000h   
@Interface . . . . . . . . . . .	Number	 00000003h   
@Model . . . . . . . . . . . . .	Number	 00000007h   
@code  . . . . . . . . . . . . .	Text   	 _TEXT
@data  . . . . . . . . . . . . .	Text   	 FLAT
@fardata?  . . . . . . . . . . .	Text   	 FLAT
@fardata . . . . . . . . . . . .	Text   	 FLAT
@stack . . . . . . . . . . . . .	Text   	 FLAT
ALT_MASK . . . . . . . . . . . .	Number	 00000003h   
CAPSLOCK_ON  . . . . . . . . . .	Number	 00000080h   
CREATE_ALWAYS  . . . . . . . . .	Number	 00000002h   
CREATE_NEW . . . . . . . . . . .	Number	 00000001h   
CTRL_MASK  . . . . . . . . . . .	Number	 0000000Ch   
CreateFile . . . . . . . . . . .	Text   	 CreateFileA
DO_NOT_SHARE . . . . . . . . . .	Number	 00000000h   
EC_intro_1 . . . . . . . . . . .	Byte	 00000116 _DATA	
EC_intro_2 . . . . . . . . . . .	Byte	 0000013C _DATA	
ENABLE_ECHO_INPUT  . . . . . . .	Number	 00000004h   
ENABLE_LINE_INPUT  . . . . . . .	Number	 00000002h   
ENABLE_MOUSE_INPUT . . . . . . .	Number	 00000010h   
ENABLE_PROCESSED_INPUT . . . . .	Number	 00000001h   
ENABLE_PROCESSED_OUTPUT  . . . .	Number	 00000001h   
ENABLE_WINDOW_INPUT  . . . . . .	Number	 00000008h   
ENABLE_WRAP_AT_EOL_OUTPUT  . . .	Number	 00000002h   
ENHANCED_KEY . . . . . . . . . .	Number	 00000100h   
FALSE  . . . . . . . . . . . . .	Number	 00000000h   
FILE_APPEND_DATA . . . . . . . .	Number	 00000004h   
FILE_ATTRIBUTE_ARCHIVE . . . . .	Number	 00000020h   
FILE_ATTRIBUTE_COMPRESSED  . . .	Number	 00000800h   
FILE_ATTRIBUTE_DEVICE  . . . . .	Number	 00000040h   
FILE_ATTRIBUTE_DIRECTORY . . . .	Number	 00000010h   
FILE_ATTRIBUTE_ENCRYPTED . . . .	Number	 00004000h   
FILE_ATTRIBUTE_HIDDEN  . . . . .	Number	 00000002h   
FILE_ATTRIBUTE_NORMAL  . . . . .	Number	 00000080h   
FILE_ATTRIBUTE_NOT_CONTENT_INDEXED .	Number	 00002000h   
FILE_ATTRIBUTE_OFFLINE . . . . .	Number	 00001000h   
FILE_ATTRIBUTE_READONLY  . . . .	Number	 00000001h   
FILE_ATTRIBUTE_REPARSE_POINT . .	Number	 00000400h   
FILE_ATTRIBUTE_SPARSE_FILE . . .	Number	 00000200h   
FILE_ATTRIBUTE_SYSTEM  . . . . .	Number	 00000004h   
FILE_ATTRIBUTE_TEMPORARY . . . .	Number	 00000100h   
FILE_BEGIN . . . . . . . . . . .	Number	 00000000h   
FILE_CURRENT . . . . . . . . . .	Number	 00000001h   
FILE_DELETE_CHILD  . . . . . . .	Number	 00000040h   
FILE_END . . . . . . . . . . . .	Number	 00000002h   
FILE_READ_DATA . . . . . . . . .	Number	 00000001h   
FILE_SHARE_DELETE  . . . . . . .	Number	 00000004h   
FILE_SHARE_READ  . . . . . . . .	Number	 00000001h   
FILE_SHARE_WRITE . . . . . . . .	Number	 00000002h   
FILE_WRITE_DATA  . . . . . . . .	Number	 00000002h   
FOCUS_EVENT  . . . . . . . . . .	Number	 00000010h   
FORMAT_MESSAGE_ALLOCATE_BUFFER .	Number	 00000100h   
FORMAT_MESSAGE_FROM_SYSTEM . . .	Number	 00001000h   
FormatMessage  . . . . . . . . .	Text   	 FormatMessageA
GENERIC_ALL  . . . . . . . . . .	Number	 10000000h   
GENERIC_EXECUTE  . . . . . . . .	Number	 20000000h   
GENERIC_READ . . . . . . . . . .	Number	 -80000000h   
GENERIC_WRITE  . . . . . . . . .	Number	 40000000h   
GetCommandLine . . . . . . . . .	Text   	 GetCommandLineA
HANDLE . . . . . . . . . . . . .	Text   	 DWORD
HEAP_GENERATE_EXCEPTIONS . . . .	Number	 00000004h   
HEAP_GROWABLE  . . . . . . . . .	Number	 00000002h   
HEAP_NO_SERIALIZE  . . . . . . .	Number	 00000001h   
HEAP_REALLOC_IN_PLACE_ONLY . . .	Number	 00000010h   
HEAP_ZERO_MEMORY . . . . . . . .	Number	 00000008h   
IDABORT  . . . . . . . . . . . .	Number	 00000003h   
IDCANCEL . . . . . . . . . . . .	Number	 00000002h   
IDCLOSE  . . . . . . . . . . . .	Number	 00000008h   
IDCONTINUE . . . . . . . . . . .	Number	 0000000Bh   
IDHELP . . . . . . . . . . . . .	Number	 00000009h   
IDIGNORE . . . . . . . . . . . .	Number	 00000005h   
IDNO . . . . . . . . . . . . . .	Number	 00000007h   
IDOK . . . . . . . . . . . . . .	Number	 00000001h   
IDRETRY  . . . . . . . . . . . .	Number	 00000004h   
IDTIMEOUT  . . . . . . . . . . .	Number	 00007D00h   
IDTRYAGAIN . . . . . . . . . . .	Number	 0000000Ah   
IDYES  . . . . . . . . . . . . .	Number	 00000006h   
INVALID_HANDLE_VALUE . . . . . .	Number	 -00000001h   
KBDOWN_FLAG  . . . . . . . . . .	Number	 00000001h   
KEY_EVENT  . . . . . . . . . . .	Number	 00000001h   
KEY_MASKS  . . . . . . . . . . .	Number	 0000001Fh   
LEFT_ALT_PRESSED . . . . . . . .	Number	 00000002h   
LEFT_CTRL_PRESSED  . . . . . . .	Number	 00000008h   
MAXNUM . . . . . . . . . . . . .	Number	 00000190h   
MB_ABORTRETRYIGNORE  . . . . . .	Number	 00000002h   
MB_APPLMODAL . . . . . . . . . .	Number	 00000000h   
MB_CANCELTRYCONTINUE . . . . . .	Number	 00000006h   
MB_DEFBUTTON1  . . . . . . . . .	Number	 00000000h   
MB_DEFBUTTON2  . . . . . . . . .	Number	 00000100h   
MB_DEFBUTTON3  . . . . . . . . .	Number	 00000200h   
MB_DEFBUTTON4  . . . . . . . . .	Number	 00000300h   
MB_HELP  . . . . . . . . . . . .	Number	 00004000h   
MB_ICONASTERISK  . . . . . . . .	Number	 00000040h   
MB_ICONERROR . . . . . . . . . .	Number	 00000010h   
MB_ICONEXCLAMATION . . . . . . .	Number	 00000030h   
MB_ICONHAND  . . . . . . . . . .	Number	 00000010h   
MB_ICONINFORMATION . . . . . . .	Number	 00000040h   
MB_ICONQUESTION  . . . . . . . .	Number	 00000020h   
MB_ICONSTOP  . . . . . . . . . .	Number	 00000010h   
MB_ICONWARNING . . . . . . . . .	Number	 00000030h   
MB_OKCANCEL  . . . . . . . . . .	Number	 00000001h   
MB_OK  . . . . . . . . . . . . .	Number	 00000000h   
MB_RETRYCANCEL . . . . . . . . .	Number	 00000005h   
MB_SYSTEMMODAL . . . . . . . . .	Number	 00001000h   
MB_TASKMODAL . . . . . . . . . .	Number	 00002000h   
MB_USERICON  . . . . . . . . . .	Number	 00000080h   
MB_YESNOCANCEL . . . . . . . . .	Number	 00000003h   
MB_YESNO . . . . . . . . . . . .	Number	 00000004h   
MENU_EVENT . . . . . . . . . . .	Number	 00000008h   
MINNUM . . . . . . . . . . . . .	Number	 00000001h   
MOUSE_EVENT  . . . . . . . . . .	Number	 00000002h   
MessageBox . . . . . . . . . . .	Text   	 MessageBoxA
NULL . . . . . . . . . . . . . .	Number	 00000000h   
NUMLOCK_ON . . . . . . . . . . .	Number	 00000020h   
OPEN_ALWAYS  . . . . . . . . . .	Number	 00000004h   
OPEN_EXISTING  . . . . . . . . .	Number	 00000003h   
PeekConsoleInput . . . . . . . .	Text   	 PeekConsoleInputA
RIGHT_ALT_PRESSED  . . . . . . .	Number	 00000001h   
RIGHT_CTRL_PRESSED . . . . . . .	Number	 00000004h   
ReadConsoleInput . . . . . . . .	Text   	 ReadConsoleInputA
ReadConsole  . . . . . . . . . .	Text   	 ReadConsoleA
SCROLLLOCK_ON  . . . . . . . . .	Number	 00000040h   
SHIFT_MASK . . . . . . . . . . .	Number	 00000010h   
SHIFT_PRESSED  . . . . . . . . .	Number	 00000010h   
STD_ERROR_HANDLE . . . . . . . .	Number	 -0000000Ch   
STD_INPUT_HANDLE . . . . . . . .	Number	 -0000000Ah   
STD_OUTPUT_HANDLE  . . . . . . .	Number	 -0000000Bh   
SetConsoleTitle  . . . . . . . .	Text   	 SetConsoleTitleA
TAB  . . . . . . . . . . . . . .	Number	 00000009h   
TRUE . . . . . . . . . . . . . .	Number	 00000001h   
TRUNCATE_EXISTING  . . . . . . .	Number	 00000005h   
VK_11  . . . . . . . . . . . . .	Number	 000000BDh   
VK_12  . . . . . . . . . . . . .	Number	 000000BBh   
VK_ADD . . . . . . . . . . . . .	Number	 0000006Bh   
VK_BACK  . . . . . . . . . . . .	Number	 00000008h   
VK_CANCEL  . . . . . . . . . . .	Number	 00000003h   
VK_CAPITAL . . . . . . . . . . .	Number	 00000014h   
VK_CLEAR . . . . . . . . . . . .	Number	 0000000Ch   
VK_CONTROL . . . . . . . . . . .	Number	 00000011h   
VK_DECIMAL . . . . . . . . . . .	Number	 0000006Eh   
VK_DELETE  . . . . . . . . . . .	Number	 0000002Eh   
VK_DIVIDE  . . . . . . . . . . .	Number	 0000006Fh   
VK_DOWN  . . . . . . . . . . . .	Number	 00000028h   
VK_END . . . . . . . . . . . . .	Number	 00000023h   
VK_ESCAPE  . . . . . . . . . . .	Number	 0000001Bh   
VK_EXECUTE . . . . . . . . . . .	Number	 0000002Bh   
VK_F10 . . . . . . . . . . . . .	Number	 00000079h   
VK_F11 . . . . . . . . . . . . .	Number	 0000007Ah   
VK_F12 . . . . . . . . . . . . .	Number	 0000007Bh   
VK_F13 . . . . . . . . . . . . .	Number	 0000007Ch   
VK_F14 . . . . . . . . . . . . .	Number	 0000007Dh   
VK_F15 . . . . . . . . . . . . .	Number	 0000007Eh   
VK_F16 . . . . . . . . . . . . .	Number	 0000007Fh   
VK_F17 . . . . . . . . . . . . .	Number	 00000080h   
VK_F18 . . . . . . . . . . . . .	Number	 00000081h   
VK_F19 . . . . . . . . . . . . .	Number	 00000082h   
VK_F1  . . . . . . . . . . . . .	Number	 00000070h   
VK_F20 . . . . . . . . . . . . .	Number	 00000083h   
VK_F21 . . . . . . . . . . . . .	Number	 00000084h   
VK_F22 . . . . . . . . . . . . .	Number	 00000085h   
VK_F23 . . . . . . . . . . . . .	Number	 00000086h   
VK_F24 . . . . . . . . . . . . .	Number	 00000087h   
VK_F2  . . . . . . . . . . . . .	Number	 00000071h   
VK_F3  . . . . . . . . . . . . .	Number	 00000072h   
VK_F4  . . . . . . . . . . . . .	Number	 00000073h   
VK_F5  . . . . . . . . . . . . .	Number	 00000074h   
VK_F6  . . . . . . . . . . . . .	Number	 00000075h   
VK_F7  . . . . . . . . . . . . .	Number	 00000076h   
VK_F8  . . . . . . . . . . . . .	Number	 00000077h   
VK_F9  . . . . . . . . . . . . .	Number	 00000078h   
VK_HELP  . . . . . . . . . . . .	Number	 0000002Fh   
VK_HOME  . . . . . . . . . . . .	Number	 00000024h   
VK_INSERT  . . . . . . . . . . .	Number	 0000002Dh   
VK_LBUTTON . . . . . . . . . . .	Number	 00000001h   
VK_LCONTROL  . . . . . . . . . .	Number	 000000A2h   
VK_LEFT  . . . . . . . . . . . .	Number	 00000025h   
VK_LMENU . . . . . . . . . . . .	Number	 000000A4h   
VK_LSHIFT  . . . . . . . . . . .	Number	 000000A0h   
VK_MENU  . . . . . . . . . . . .	Number	 00000012h   
VK_MULTIPLY  . . . . . . . . . .	Number	 0000006Ah   
VK_NEXT  . . . . . . . . . . . .	Number	 00000022h   
VK_NUMLOCK . . . . . . . . . . .	Number	 00000090h   
VK_NUMPAD0 . . . . . . . . . . .	Number	 00000060h   
VK_NUMPAD1 . . . . . . . . . . .	Number	 00000061h   
VK_NUMPAD2 . . . . . . . . . . .	Number	 00000062h   
VK_NUMPAD3 . . . . . . . . . . .	Number	 00000063h   
VK_NUMPAD4 . . . . . . . . . . .	Number	 00000064h   
VK_NUMPAD5 . . . . . . . . . . .	Number	 00000065h   
VK_NUMPAD6 . . . . . . . . . . .	Number	 00000066h   
VK_NUMPAD7 . . . . . . . . . . .	Number	 00000067h   
VK_NUMPAD8 . . . . . . . . . . .	Number	 00000068h   
VK_NUMPAD9 . . . . . . . . . . .	Number	 00000069h   
VK_PAUSE . . . . . . . . . . . .	Number	 00000013h   
VK_PRINT . . . . . . . . . . . .	Number	 0000002Ah   
VK_PRIOR . . . . . . . . . . . .	Number	 00000021h   
VK_RBUTTON . . . . . . . . . . .	Number	 00000002h   
VK_RCONTROL  . . . . . . . . . .	Number	 000000A3h   
VK_RETURN  . . . . . . . . . . .	Number	 0000000Dh   
VK_RIGHT . . . . . . . . . . . .	Number	 00000027h   
VK_RMENU . . . . . . . . . . . .	Number	 000000A5h   
VK_RSHIFT  . . . . . . . . . . .	Number	 000000A1h   
VK_SCROLL  . . . . . . . . . . .	Number	 00000091h   
VK_SEPARATER . . . . . . . . . .	Number	 0000006Ch   
VK_SHIFT . . . . . . . . . . . .	Number	 00000010h   
VK_SNAPSHOT  . . . . . . . . . .	Number	 0000002Ch   
VK_SPACE . . . . . . . . . . . .	Number	 00000020h   
VK_SUBTRACT  . . . . . . . . . .	Number	 0000006Dh   
VK_TAB . . . . . . . . . . . . .	Number	 00000009h   
VK_UP  . . . . . . . . . . . . .	Number	 00000026h   
WINDOW_BUFFER_SIZE_EVENT . . . .	Number	 00000004h   
WriteConsoleOutputCharacter  . .	Text   	 WriteConsoleOutputCharacterA
WriteConsole . . . . . . . . . .	Text   	 WriteConsoleA
black  . . . . . . . . . . . . .	Number	 00000000h   
blue . . . . . . . . . . . . . .	Number	 00000001h   
brown  . . . . . . . . . . . . .	Number	 00000006h   
byteCount  . . . . . . . . . . .	DWord	 000002F3 _DATA	
compos_bool  . . . . . . . . . .	DWord	 00000303 _DATA	
compos_count . . . . . . . . . .	DWord	 00000307 _DATA	
compos_current . . . . . . . . .	DWord	 000002FF _DATA	
cyan . . . . . . . . . . . . . .	Number	 00000003h   
exit . . . . . . . . . . . . . .	Text   	 INVOKE ExitProcess,0
failed_input_1 . . . . . . . . .	Byte	 000001E1 _DATA	
failed_input_2 . . . . . . . . .	Byte	 00000211 _DATA	
finished . . . . . . . . . . . .	Byte	 000002B2 _DATA	
gray . . . . . . . . . . . . . .	Number	 00000008h   
green  . . . . . . . . . . . . .	Number	 00000002h   
intro_1  . . . . . . . . . . . .	Byte	 0000002B _DATA	
intro_2  . . . . . . . . . . . .	Byte	 0000007A _DATA	
intro_3  . . . . . . . . . . . .	Byte	 000000C8 _DATA	
keep_going . . . . . . . . . . .	DWord	 000002F7 _DATA	
lightBlue  . . . . . . . . . . .	Number	 00000009h   
lightCyan  . . . . . . . . . . .	Number	 0000000Bh   
lightGray  . . . . . . . . . . .	Number	 00000007h   
lightGreen . . . . . . . . . . .	Number	 0000000Ah   
lightMagenta . . . . . . . . . .	Number	 0000000Dh   
lightRed . . . . . . . . . . . .	Number	 0000000Ch   
linecount  . . . . . . . . . . .	DWord	 0000030B _DATA	
magenta  . . . . . . . . . . . .	Number	 00000005h   
outro_1  . . . . . . . . . . . .	Byte	 00000242 _DATA	
outro_2  . . . . . . . . . . . .	Byte	 0000026E _DATA	
printCount . . . . . . . . . . .	DWord	 000002FB _DATA	
project  . . . . . . . . . . . .	Byte	 00000000 _DATA	
prompt_1 . . . . . . . . . . . .	Byte	 00000185 _DATA	
prompt_2 . . . . . . . . . . . .	Byte	 0000019E _DATA	
prompt_3 . . . . . . . . . . . .	Byte	 000001A8 _DATA	
red  . . . . . . . . . . . . . .	Number	 00000004h   
space  . . . . . . . . . . . . .	Byte	 000002DC _DATA	
userinput  . . . . . . . . . . .	Byte	 000002DE _DATA	
white  . . . . . . . . . . . . .	Number	 0000000Fh   
wsprintf . . . . . . . . . . . .	Text   	 wsprintfA
yellow . . . . . . . . . . . . .	Number	 0000000Eh   

	   0 Warnings
	   0 Errors
